The system is: Linux - 2.6.32-642.3.1.el6.x86_64 - x86_64
Compiling the C compiler identification source file "CMakeCCompilerId.c" succeeded.
Compiler: /opt/Software/gcc/5.4.0/bin/gcc 
Build flags: 
Id flags: 

The output was:
0


Compilation of the C compiler identification source "CMakeCCompilerId.c" produced "a.out"

The C compiler identification is GNU, found in "/home/shelf7/aandreyev/code_practice/hashtableMix/gnu_build/CMakeFiles/3.3.0/CompilerIdC/a.out"

Compiling the CXX compiler identification source file "CMakeCXXCompilerId.cpp" succeeded.
Compiler: /opt/Software/gcc/5.4.0/bin/g++ 
Build flags: 
Id flags: 

The output was:
0


Compilation of the CXX compiler identification source "CMakeCXXCompilerId.cpp" produced "a.out"

The CXX compiler identification is GNU, found in "/home/shelf7/aandreyev/code_practice/hashtableMix/gnu_build/CMakeFiles/3.3.0/CompilerIdCXX/a.out"

Determining if the C compiler works passed with the following output:
Change Dir: /home/shelf7/aandreyev/code_practice/hashtableMix/gnu_build/CMakeFiles/CMakeTmp

Run Build Command:"/usr/bin/gmake" "cmTC_de4b2/fast"
/usr/bin/gmake -f CMakeFiles/cmTC_de4b2.dir/build.make CMakeFiles/cmTC_de4b2.dir/build
gmake[1]: Entering directory `/home/shelf7/aandreyev/code_practice/hashtableMix/gnu_build/CMakeFiles/CMakeTmp'
Building C object CMakeFiles/cmTC_de4b2.dir/testCCompiler.c.o
/opt/Software/gcc/5.4.0/bin/gcc    -o CMakeFiles/cmTC_de4b2.dir/testCCompiler.c.o   -c /home/shelf7/aandreyev/code_practice/hashtableMix/gnu_build/CMakeFiles/CMakeTmp/testCCompiler.c
Linking C executable cmTC_de4b2
/home/shelf8/Software/cmake/3.3.0/bin/cmake -E cmake_link_script CMakeFiles/cmTC_de4b2.dir/link.txt --verbose=1
/opt/Software/gcc/5.4.0/bin/gcc       CMakeFiles/cmTC_de4b2.dir/testCCompiler.c.o  -o cmTC_de4b2 -rdynamic 
gmake[1]: Leaving directory `/home/shelf7/aandreyev/code_practice/hashtableMix/gnu_build/CMakeFiles/CMakeTmp'


Detecting C compiler ABI info compiled with the following output:
Change Dir: /home/shelf7/aandreyev/code_practice/hashtableMix/gnu_build/CMakeFiles/CMakeTmp

Run Build Command:"/usr/bin/gmake" "cmTC_e2fc2/fast"
/usr/bin/gmake -f CMakeFiles/cmTC_e2fc2.dir/build.make CMakeFiles/cmTC_e2fc2.dir/build
gmake[1]: Entering directory `/home/shelf7/aandreyev/code_practice/hashtableMix/gnu_build/CMakeFiles/CMakeTmp'
Building C object CMakeFiles/cmTC_e2fc2.dir/CMakeCCompilerABI.c.o
/opt/Software/gcc/5.4.0/bin/gcc    -o CMakeFiles/cmTC_e2fc2.dir/CMakeCCompilerABI.c.o   -c /home/shelf8/Software/cmake/3.3.0/share/cmake-3.3/Modules/CMakeCCompilerABI.c
Linking C executable cmTC_e2fc2
/home/shelf8/Software/cmake/3.3.0/bin/cmake -E cmake_link_script CMakeFiles/cmTC_e2fc2.dir/link.txt --verbose=1
/opt/Software/gcc/5.4.0/bin/gcc      -v CMakeFiles/cmTC_e2fc2.dir/CMakeCCompilerABI.c.o  -o cmTC_e2fc2 -rdynamic  
Using built-in specs.
COLLECT_GCC=/opt/Software/gcc/5.4.0/bin/gcc
COLLECT_LTO_WRAPPER=/opt/Software/gcc/5.4.0/libexec/gcc/x86_64-unknown-linux-gnu/5.4.0/lto-wrapper
Target: x86_64-unknown-linux-gnu
Configured with: ./configure --prefix=/opt/Software/gcc/5.4.0 --with-mpfr=/opt/Software/gcc/5.4.0 --with-mpc=/opt/Software/gcc/5.4.0 --with-gmp=/opt/Software/gcc/5.4.0
Thread model: posix
gcc version 5.4.0 (GCC) 
COMPILER_PATH=/opt/Software/gcc/5.4.0/libexec/gcc/x86_64-unknown-linux-gnu/5.4.0/:/opt/Software/gcc/5.4.0/libexec/gcc/
LIBRARY_PATH=/opt/Software/gcc/5.4.0/lib/gcc/x86_64-unknown-linux-gnu/5.4.0/:/opt/Software/gcc/5.4.0/lib/gcc/:/opt/Software/gcc/5.4.0/lib64/../lib64/:/opt/Software/gcc/5.4.0/lib/../lib64/:/home/shelf8/Software/gcc/5.4.0/bin/../lib/gcc/x86_64-unknown-linux-gnu/5.4.0/../../../../lib64/:/lib/../lib64/:/usr/lib/../lib64/:/opt/Software/gcc/5.4.0/lib64/:/opt/Software/gcc/5.4.0/lib/:/home/shelf8/Software/gcc/5.4.0/bin/../lib/gcc/x86_64-unknown-linux-gnu/5.4.0/../../../:/lib/:/usr/lib/
COLLECT_GCC_OPTIONS='-v' '-o' 'cmTC_e2fc2' '-rdynamic' '-mtune=generic' '-march=x86-64'
 /opt/Software/gcc/5.4.0/libexec/gcc/x86_64-unknown-linux-gnu/5.4.0/collect2 --eh-frame-hdr -m elf_x86_64 -export-dynamic -dynamic-linker /lib64/ld-linux-x86-64.so.2 -o cmTC_e2fc2 /usr/lib/../lib64/crt1.o /usr/lib/../lib64/crti.o /opt/Software/gcc/5.4.0/lib/gcc/x86_64-unknown-linux-gnu/5.4.0/crtbegin.o -L/opt/Software/gcc/5.4.0/lib/gcc/x86_64-unknown-linux-gnu/5.4.0 -L/opt/Software/gcc/5.4.0/lib/gcc -L/opt/Software/gcc/5.4.0/lib64/../lib64 -L/opt/Software/gcc/5.4.0/lib/../lib64 -L/home/shelf8/Software/gcc/5.4.0/bin/../lib/gcc/x86_64-unknown-linux-gnu/5.4.0/../../../../lib64 -L/lib/../lib64 -L/usr/lib/../lib64 -L/opt/Software/gcc/5.4.0/lib64 -L/opt/Software/gcc/5.4.0/lib -L/home/shelf8/Software/gcc/5.4.0/bin/../lib/gcc/x86_64-unknown-linux-gnu/5.4.0/../../.. CMakeFiles/cmTC_e2fc2.dir/CMakeCCompilerABI.c.o -lgcc --as-needed -lgcc_s --no-as-needed -lc -lgcc --as-needed -lgcc_s --no-as-needed /opt/Software/gcc/5.4.0/lib/gcc/x86_64-unknown-linux-gnu/5.4.0/crtend.o /usr/lib/../lib64/crtn.o
gmake[1]: Leaving directory `/home/shelf7/aandreyev/code_practice/hashtableMix/gnu_build/CMakeFiles/CMakeTmp'


Parsed C implicit link information from above output:
  link line regex: [^( *|.*[/\])(ld|([^/\]+-)?ld|collect2)[^/\]*( |$)]
  ignore line: [Change Dir: /home/shelf7/aandreyev/code_practice/hashtableMix/gnu_build/CMakeFiles/CMakeTmp]
  ignore line: []
  ignore line: [Run Build Command:"/usr/bin/gmake" "cmTC_e2fc2/fast"]
  ignore line: [/usr/bin/gmake -f CMakeFiles/cmTC_e2fc2.dir/build.make CMakeFiles/cmTC_e2fc2.dir/build]
  ignore line: [gmake[1]: Entering directory `/home/shelf7/aandreyev/code_practice/hashtableMix/gnu_build/CMakeFiles/CMakeTmp']
  ignore line: [Building C object CMakeFiles/cmTC_e2fc2.dir/CMakeCCompilerABI.c.o]
  ignore line: [/opt/Software/gcc/5.4.0/bin/gcc    -o CMakeFiles/cmTC_e2fc2.dir/CMakeCCompilerABI.c.o   -c /home/shelf8/Software/cmake/3.3.0/share/cmake-3.3/Modules/CMakeCCompilerABI.c]
  ignore line: [Linking C executable cmTC_e2fc2]
  ignore line: [/home/shelf8/Software/cmake/3.3.0/bin/cmake -E cmake_link_script CMakeFiles/cmTC_e2fc2.dir/link.txt --verbose=1]
  ignore line: [/opt/Software/gcc/5.4.0/bin/gcc      -v CMakeFiles/cmTC_e2fc2.dir/CMakeCCompilerABI.c.o  -o cmTC_e2fc2 -rdynamic  ]
  ignore line: [Using built-in specs.]
  ignore line: [COLLECT_GCC=/opt/Software/gcc/5.4.0/bin/gcc]
  ignore line: [COLLECT_LTO_WRAPPER=/opt/Software/gcc/5.4.0/libexec/gcc/x86_64-unknown-linux-gnu/5.4.0/lto-wrapper]
  ignore line: [Target: x86_64-unknown-linux-gnu]
  ignore line: [Configured with: ./configure --prefix=/opt/Software/gcc/5.4.0 --with-mpfr=/opt/Software/gcc/5.4.0 --with-mpc=/opt/Software/gcc/5.4.0 --with-gmp=/opt/Software/gcc/5.4.0]
  ignore line: [Thread model: posix]
  ignore line: [gcc version 5.4.0 (GCC) ]
  ignore line: [COMPILER_PATH=/opt/Software/gcc/5.4.0/libexec/gcc/x86_64-unknown-linux-gnu/5.4.0/:/opt/Software/gcc/5.4.0/libexec/gcc/]
  ignore line: [LIBRARY_PATH=/opt/Software/gcc/5.4.0/lib/gcc/x86_64-unknown-linux-gnu/5.4.0/:/opt/Software/gcc/5.4.0/lib/gcc/:/opt/Software/gcc/5.4.0/lib64/../lib64/:/opt/Software/gcc/5.4.0/lib/../lib64/:/home/shelf8/Software/gcc/5.4.0/bin/../lib/gcc/x86_64-unknown-linux-gnu/5.4.0/../../../../lib64/:/lib/../lib64/:/usr/lib/../lib64/:/opt/Software/gcc/5.4.0/lib64/:/opt/Software/gcc/5.4.0/lib/:/home/shelf8/Software/gcc/5.4.0/bin/../lib/gcc/x86_64-unknown-linux-gnu/5.4.0/../../../:/lib/:/usr/lib/]
  ignore line: [COLLECT_GCC_OPTIONS='-v' '-o' 'cmTC_e2fc2' '-rdynamic' '-mtune=generic' '-march=x86-64']
  link line: [ /opt/Software/gcc/5.4.0/libexec/gcc/x86_64-unknown-linux-gnu/5.4.0/collect2 --eh-frame-hdr -m elf_x86_64 -export-dynamic -dynamic-linker /lib64/ld-linux-x86-64.so.2 -o cmTC_e2fc2 /usr/lib/../lib64/crt1.o /usr/lib/../lib64/crti.o /opt/Software/gcc/5.4.0/lib/gcc/x86_64-unknown-linux-gnu/5.4.0/crtbegin.o -L/opt/Software/gcc/5.4.0/lib/gcc/x86_64-unknown-linux-gnu/5.4.0 -L/opt/Software/gcc/5.4.0/lib/gcc -L/opt/Software/gcc/5.4.0/lib64/../lib64 -L/opt/Software/gcc/5.4.0/lib/../lib64 -L/home/shelf8/Software/gcc/5.4.0/bin/../lib/gcc/x86_64-unknown-linux-gnu/5.4.0/../../../../lib64 -L/lib/../lib64 -L/usr/lib/../lib64 -L/opt/Software/gcc/5.4.0/lib64 -L/opt/Software/gcc/5.4.0/lib -L/home/shelf8/Software/gcc/5.4.0/bin/../lib/gcc/x86_64-unknown-linux-gnu/5.4.0/../../.. CMakeFiles/cmTC_e2fc2.dir/CMakeCCompilerABI.c.o -lgcc --as-needed -lgcc_s --no-as-needed -lc -lgcc --as-needed -lgcc_s --no-as-needed /opt/Software/gcc/5.4.0/lib/gcc/x86_64-unknown-linux-gnu/5.4.0/crtend.o /usr/lib/../lib64/crtn.o]
    arg [/opt/Software/gcc/5.4.0/libexec/gcc/x86_64-unknown-linux-gnu/5.4.0/collect2] ==> ignore
    arg [--eh-frame-hdr] ==> ignore
    arg [-m] ==> ignore
    arg [elf_x86_64] ==> ignore
    arg [-export-dynamic] ==> ignore
    arg [-dynamic-linker] ==> ignore
    arg [/lib64/ld-linux-x86-64.so.2] ==> ignore
    arg [-o] ==> ignore
    arg [cmTC_e2fc2] ==> ignore
    arg [/usr/lib/../lib64/crt1.o] ==> ignore
    arg [/usr/lib/../lib64/crti.o] ==> ignore
    arg [/opt/Software/gcc/5.4.0/lib/gcc/x86_64-unknown-linux-gnu/5.4.0/crtbegin.o] ==> ignore
    arg [-L/opt/Software/gcc/5.4.0/lib/gcc/x86_64-unknown-linux-gnu/5.4.0] ==> dir [/opt/Software/gcc/5.4.0/lib/gcc/x86_64-unknown-linux-gnu/5.4.0]
    arg [-L/opt/Software/gcc/5.4.0/lib/gcc] ==> dir [/opt/Software/gcc/5.4.0/lib/gcc]
    arg [-L/opt/Software/gcc/5.4.0/lib64/../lib64] ==> dir [/opt/Software/gcc/5.4.0/lib64/../lib64]
    arg [-L/opt/Software/gcc/5.4.0/lib/../lib64] ==> dir [/opt/Software/gcc/5.4.0/lib/../lib64]
    arg [-L/home/shelf8/Software/gcc/5.4.0/bin/../lib/gcc/x86_64-unknown-linux-gnu/5.4.0/../../../../lib64] ==> dir [/home/shelf8/Software/gcc/5.4.0/bin/../lib/gcc/x86_64-unknown-linux-gnu/5.4.0/../../../../lib64]
    arg [-L/lib/../lib64] ==> dir [/lib/../lib64]
    arg [-L/usr/lib/../lib64] ==> dir [/usr/lib/../lib64]
    arg [-L/opt/Software/gcc/5.4.0/lib64] ==> dir [/opt/Software/gcc/5.4.0/lib64]
    arg [-L/opt/Software/gcc/5.4.0/lib] ==> dir [/opt/Software/gcc/5.4.0/lib]
    arg [-L/home/shelf8/Software/gcc/5.4.0/bin/../lib/gcc/x86_64-unknown-linux-gnu/5.4.0/../../..] ==> dir [/home/shelf8/Software/gcc/5.4.0/bin/../lib/gcc/x86_64-unknown-linux-gnu/5.4.0/../../..]
    arg [CMakeFiles/cmTC_e2fc2.dir/CMakeCCompilerABI.c.o] ==> ignore
    arg [-lgcc] ==> lib [gcc]
    arg [--as-needed] ==> ignore
    arg [-lgcc_s] ==> lib [gcc_s]
    arg [--no-as-needed] ==> ignore
    arg [-lc] ==> lib [c]
    arg [-lgcc] ==> lib [gcc]
    arg [--as-needed] ==> ignore
    arg [-lgcc_s] ==> lib [gcc_s]
    arg [--no-as-needed] ==> ignore
    arg [/opt/Software/gcc/5.4.0/lib/gcc/x86_64-unknown-linux-gnu/5.4.0/crtend.o] ==> ignore
    arg [/usr/lib/../lib64/crtn.o] ==> ignore
  remove lib [gcc]
  remove lib [gcc_s]
  remove lib [gcc]
  remove lib [gcc_s]
  collapse library dir [/opt/Software/gcc/5.4.0/lib/gcc/x86_64-unknown-linux-gnu/5.4.0] ==> [/opt/Software/gcc/5.4.0/lib/gcc/x86_64-unknown-linux-gnu/5.4.0]
  collapse library dir [/opt/Software/gcc/5.4.0/lib/gcc] ==> [/opt/Software/gcc/5.4.0/lib/gcc]
  collapse library dir [/opt/Software/gcc/5.4.0/lib64/../lib64] ==> [/opt/Software/gcc/5.4.0/lib64]
  collapse library dir [/opt/Software/gcc/5.4.0/lib/../lib64] ==> [/opt/Software/gcc/5.4.0/lib64]
  collapse library dir [/home/shelf8/Software/gcc/5.4.0/bin/../lib/gcc/x86_64-unknown-linux-gnu/5.4.0/../../../../lib64] ==> [/home/shelf8/Software/gcc/5.4.0/lib64]
  collapse library dir [/lib/../lib64] ==> [/lib64]
  collapse library dir [/usr/lib/../lib64] ==> [/usr/lib64]
  collapse library dir [/opt/Software/gcc/5.4.0/lib64] ==> [/opt/Software/gcc/5.4.0/lib64]
  collapse library dir [/opt/Software/gcc/5.4.0/lib] ==> [/opt/Software/gcc/5.4.0/lib]
  collapse library dir [/home/shelf8/Software/gcc/5.4.0/bin/../lib/gcc/x86_64-unknown-linux-gnu/5.4.0/../../..] ==> [/home/shelf8/Software/gcc/5.4.0/lib]
  implicit libs: [c]
  implicit dirs: [/opt/Software/gcc/5.4.0/lib/gcc/x86_64-unknown-linux-gnu/5.4.0;/opt/Software/gcc/5.4.0/lib/gcc;/opt/Software/gcc/5.4.0/lib64;/home/shelf8/Software/gcc/5.4.0/lib64;/lib64;/usr/lib64;/opt/Software/gcc/5.4.0/lib;/home/shelf8/Software/gcc/5.4.0/lib]
  implicit fwks: []




Detecting C [-std=c11] compiler features compiled with the following output:
Change Dir: /home/shelf7/aandreyev/code_practice/hashtableMix/gnu_build/CMakeFiles/CMakeTmp

Run Build Command:"/usr/bin/gmake" "cmTC_83b18/fast"
/usr/bin/gmake -f CMakeFiles/cmTC_83b18.dir/build.make CMakeFiles/cmTC_83b18.dir/build
gmake[1]: Entering directory `/home/shelf7/aandreyev/code_practice/hashtableMix/gnu_build/CMakeFiles/CMakeTmp'
Building C object CMakeFiles/cmTC_83b18.dir/feature_tests.c.o
/opt/Software/gcc/5.4.0/bin/gcc   -std=c11 -o CMakeFiles/cmTC_83b18.dir/feature_tests.c.o   -c /home/shelf7/aandreyev/code_practice/hashtableMix/gnu_build/CMakeFiles/feature_tests.c
Linking C executable cmTC_83b18
/home/shelf8/Software/cmake/3.3.0/bin/cmake -E cmake_link_script CMakeFiles/cmTC_83b18.dir/link.txt --verbose=1
/opt/Software/gcc/5.4.0/bin/gcc       CMakeFiles/cmTC_83b18.dir/feature_tests.c.o  -o cmTC_83b18 -rdynamic 
gmake[1]: Leaving directory `/home/shelf7/aandreyev/code_practice/hashtableMix/gnu_build/CMakeFiles/CMakeTmp'


    Feature record: C_FEATURE:1c_function_prototypes
    Feature record: C_FEATURE:1c_restrict
    Feature record: C_FEATURE:1c_static_assert
    Feature record: C_FEATURE:1c_variadic_macros


Detecting C [-std=c99] compiler features compiled with the following output:
Change Dir: /home/shelf7/aandreyev/code_practice/hashtableMix/gnu_build/CMakeFiles/CMakeTmp

Run Build Command:"/usr/bin/gmake" "cmTC_a2b15/fast"
/usr/bin/gmake -f CMakeFiles/cmTC_a2b15.dir/build.make CMakeFiles/cmTC_a2b15.dir/build
gmake[1]: Entering directory `/home/shelf7/aandreyev/code_practice/hashtableMix/gnu_build/CMakeFiles/CMakeTmp'
Building C object CMakeFiles/cmTC_a2b15.dir/feature_tests.c.o
/opt/Software/gcc/5.4.0/bin/gcc   -std=c99 -o CMakeFiles/cmTC_a2b15.dir/feature_tests.c.o   -c /home/shelf7/aandreyev/code_practice/hashtableMix/gnu_build/CMakeFiles/feature_tests.c
Linking C executable cmTC_a2b15
/home/shelf8/Software/cmake/3.3.0/bin/cmake -E cmake_link_script CMakeFiles/cmTC_a2b15.dir/link.txt --verbose=1
/opt/Software/gcc/5.4.0/bin/gcc       CMakeFiles/cmTC_a2b15.dir/feature_tests.c.o  -o cmTC_a2b15 -rdynamic 
gmake[1]: Leaving directory `/home/shelf7/aandreyev/code_practice/hashtableMix/gnu_build/CMakeFiles/CMakeTmp'


    Feature record: C_FEATURE:1c_function_prototypes
    Feature record: C_FEATURE:1c_restrict
    Feature record: C_FEATURE:0c_static_assert
    Feature record: C_FEATURE:1c_variadic_macros


Detecting C [-std=c90] compiler features compiled with the following output:
Change Dir: /home/shelf7/aandreyev/code_practice/hashtableMix/gnu_build/CMakeFiles/CMakeTmp

Run Build Command:"/usr/bin/gmake" "cmTC_20232/fast"
/usr/bin/gmake -f CMakeFiles/cmTC_20232.dir/build.make CMakeFiles/cmTC_20232.dir/build
gmake[1]: Entering directory `/home/shelf7/aandreyev/code_practice/hashtableMix/gnu_build/CMakeFiles/CMakeTmp'
Building C object CMakeFiles/cmTC_20232.dir/feature_tests.c.o
/opt/Software/gcc/5.4.0/bin/gcc   -std=c90 -o CMakeFiles/cmTC_20232.dir/feature_tests.c.o   -c /home/shelf7/aandreyev/code_practice/hashtableMix/gnu_build/CMakeFiles/feature_tests.c
Linking C executable cmTC_20232
/home/shelf8/Software/cmake/3.3.0/bin/cmake -E cmake_link_script CMakeFiles/cmTC_20232.dir/link.txt --verbose=1
/opt/Software/gcc/5.4.0/bin/gcc       CMakeFiles/cmTC_20232.dir/feature_tests.c.o  -o cmTC_20232 -rdynamic 
gmake[1]: Leaving directory `/home/shelf7/aandreyev/code_practice/hashtableMix/gnu_build/CMakeFiles/CMakeTmp'


    Feature record: C_FEATURE:1c_function_prototypes
    Feature record: C_FEATURE:0c_restrict
    Feature record: C_FEATURE:0c_static_assert
    Feature record: C_FEATURE:0c_variadic_macros
Determining if the CXX compiler works passed with the following output:
Change Dir: /home/shelf7/aandreyev/code_practice/hashtableMix/gnu_build/CMakeFiles/CMakeTmp

Run Build Command:"/usr/bin/gmake" "cmTC_282d0/fast"
/usr/bin/gmake -f CMakeFiles/cmTC_282d0.dir/build.make CMakeFiles/cmTC_282d0.dir/build
gmake[1]: Entering directory `/home/shelf7/aandreyev/code_practice/hashtableMix/gnu_build/CMakeFiles/CMakeTmp'
Building CXX object CMakeFiles/cmTC_282d0.dir/testCXXCompiler.cxx.o
/opt/Software/gcc/5.4.0/bin/g++     -o CMakeFiles/cmTC_282d0.dir/testCXXCompiler.cxx.o -c /home/shelf7/aandreyev/code_practice/hashtableMix/gnu_build/CMakeFiles/CMakeTmp/testCXXCompiler.cxx
Linking CXX executable cmTC_282d0
/home/shelf8/Software/cmake/3.3.0/bin/cmake -E cmake_link_script CMakeFiles/cmTC_282d0.dir/link.txt --verbose=1
/opt/Software/gcc/5.4.0/bin/g++        CMakeFiles/cmTC_282d0.dir/testCXXCompiler.cxx.o  -o cmTC_282d0 -rdynamic 
gmake[1]: Leaving directory `/home/shelf7/aandreyev/code_practice/hashtableMix/gnu_build/CMakeFiles/CMakeTmp'


Detecting CXX compiler ABI info compiled with the following output:
Change Dir: /home/shelf7/aandreyev/code_practice/hashtableMix/gnu_build/CMakeFiles/CMakeTmp

Run Build Command:"/usr/bin/gmake" "cmTC_4b2ca/fast"
/usr/bin/gmake -f CMakeFiles/cmTC_4b2ca.dir/build.make CMakeFiles/cmTC_4b2ca.dir/build
gmake[1]: Entering directory `/home/shelf7/aandreyev/code_practice/hashtableMix/gnu_build/CMakeFiles/CMakeTmp'
Building CXX object CMakeFiles/cmTC_4b2ca.dir/CMakeCXXCompilerABI.cpp.o
/opt/Software/gcc/5.4.0/bin/g++     -o CMakeFiles/cmTC_4b2ca.dir/CMakeCXXCompilerABI.cpp.o -c /home/shelf8/Software/cmake/3.3.0/share/cmake-3.3/Modules/CMakeCXXCompilerABI.cpp
Linking CXX executable cmTC_4b2ca
/home/shelf8/Software/cmake/3.3.0/bin/cmake -E cmake_link_script CMakeFiles/cmTC_4b2ca.dir/link.txt --verbose=1
/opt/Software/gcc/5.4.0/bin/g++       -v CMakeFiles/cmTC_4b2ca.dir/CMakeCXXCompilerABI.cpp.o  -o cmTC_4b2ca -rdynamic  
Using built-in specs.
COLLECT_GCC=/opt/Software/gcc/5.4.0/bin/g++
COLLECT_LTO_WRAPPER=/opt/Software/gcc/5.4.0/libexec/gcc/x86_64-unknown-linux-gnu/5.4.0/lto-wrapper
Target: x86_64-unknown-linux-gnu
Configured with: ./configure --prefix=/opt/Software/gcc/5.4.0 --with-mpfr=/opt/Software/gcc/5.4.0 --with-mpc=/opt/Software/gcc/5.4.0 --with-gmp=/opt/Software/gcc/5.4.0
Thread model: posix
gcc version 5.4.0 (GCC) 
COMPILER_PATH=/opt/Software/gcc/5.4.0/libexec/gcc/x86_64-unknown-linux-gnu/5.4.0/:/opt/Software/gcc/5.4.0/libexec/gcc/
LIBRARY_PATH=/opt/Software/gcc/5.4.0/lib/gcc/x86_64-unknown-linux-gnu/5.4.0/:/opt/Software/gcc/5.4.0/lib/gcc/:/opt/Software/gcc/5.4.0/lib64/../lib64/:/opt/Software/gcc/5.4.0/lib/../lib64/:/home/shelf8/Software/gcc/5.4.0/bin/../lib/gcc/x86_64-unknown-linux-gnu/5.4.0/../../../../lib64/:/lib/../lib64/:/usr/lib/../lib64/:/opt/Software/gcc/5.4.0/lib64/:/opt/Software/gcc/5.4.0/lib/:/home/shelf8/Software/gcc/5.4.0/bin/../lib/gcc/x86_64-unknown-linux-gnu/5.4.0/../../../:/lib/:/usr/lib/
COLLECT_GCC_OPTIONS='-v' '-o' 'cmTC_4b2ca' '-rdynamic' '-shared-libgcc' '-mtune=generic' '-march=x86-64'
 /opt/Software/gcc/5.4.0/libexec/gcc/x86_64-unknown-linux-gnu/5.4.0/collect2 --eh-frame-hdr -m elf_x86_64 -export-dynamic -dynamic-linker /lib64/ld-linux-x86-64.so.2 -o cmTC_4b2ca /usr/lib/../lib64/crt1.o /usr/lib/../lib64/crti.o /opt/Software/gcc/5.4.0/lib/gcc/x86_64-unknown-linux-gnu/5.4.0/crtbegin.o -L/opt/Software/gcc/5.4.0/lib/gcc/x86_64-unknown-linux-gnu/5.4.0 -L/opt/Software/gcc/5.4.0/lib/gcc -L/opt/Software/gcc/5.4.0/lib64/../lib64 -L/opt/Software/gcc/5.4.0/lib/../lib64 -L/home/shelf8/Software/gcc/5.4.0/bin/../lib/gcc/x86_64-unknown-linux-gnu/5.4.0/../../../../lib64 -L/lib/../lib64 -L/usr/lib/../lib64 -L/opt/Software/gcc/5.4.0/lib64 -L/opt/Software/gcc/5.4.0/lib -L/home/shelf8/Software/gcc/5.4.0/bin/../lib/gcc/x86_64-unknown-linux-gnu/5.4.0/../../.. CMakeFiles/cmTC_4b2ca.dir/CMakeCXXCompilerABI.cpp.o -lstdc++ -lm -lgcc_s -lgcc -lc -lgcc_s -lgcc /opt/Software/gcc/5.4.0/lib/gcc/x86_64-unknown-linux-gnu/5.4.0/crtend.o /usr/lib/../lib64/crtn.o
gmake[1]: Leaving directory `/home/shelf7/aandreyev/code_practice/hashtableMix/gnu_build/CMakeFiles/CMakeTmp'


Parsed CXX implicit link information from above output:
  link line regex: [^( *|.*[/\])(ld|([^/\]+-)?ld|collect2)[^/\]*( |$)]
  ignore line: [Change Dir: /home/shelf7/aandreyev/code_practice/hashtableMix/gnu_build/CMakeFiles/CMakeTmp]
  ignore line: []
  ignore line: [Run Build Command:"/usr/bin/gmake" "cmTC_4b2ca/fast"]
  ignore line: [/usr/bin/gmake -f CMakeFiles/cmTC_4b2ca.dir/build.make CMakeFiles/cmTC_4b2ca.dir/build]
  ignore line: [gmake[1]: Entering directory `/home/shelf7/aandreyev/code_practice/hashtableMix/gnu_build/CMakeFiles/CMakeTmp']
  ignore line: [Building CXX object CMakeFiles/cmTC_4b2ca.dir/CMakeCXXCompilerABI.cpp.o]
  ignore line: [/opt/Software/gcc/5.4.0/bin/g++     -o CMakeFiles/cmTC_4b2ca.dir/CMakeCXXCompilerABI.cpp.o -c /home/shelf8/Software/cmake/3.3.0/share/cmake-3.3/Modules/CMakeCXXCompilerABI.cpp]
  ignore line: [Linking CXX executable cmTC_4b2ca]
  ignore line: [/home/shelf8/Software/cmake/3.3.0/bin/cmake -E cmake_link_script CMakeFiles/cmTC_4b2ca.dir/link.txt --verbose=1]
  ignore line: [/opt/Software/gcc/5.4.0/bin/g++       -v CMakeFiles/cmTC_4b2ca.dir/CMakeCXXCompilerABI.cpp.o  -o cmTC_4b2ca -rdynamic  ]
  ignore line: [Using built-in specs.]
  ignore line: [COLLECT_GCC=/opt/Software/gcc/5.4.0/bin/g++]
  ignore line: [COLLECT_LTO_WRAPPER=/opt/Software/gcc/5.4.0/libexec/gcc/x86_64-unknown-linux-gnu/5.4.0/lto-wrapper]
  ignore line: [Target: x86_64-unknown-linux-gnu]
  ignore line: [Configured with: ./configure --prefix=/opt/Software/gcc/5.4.0 --with-mpfr=/opt/Software/gcc/5.4.0 --with-mpc=/opt/Software/gcc/5.4.0 --with-gmp=/opt/Software/gcc/5.4.0]
  ignore line: [Thread model: posix]
  ignore line: [gcc version 5.4.0 (GCC) ]
  ignore line: [COMPILER_PATH=/opt/Software/gcc/5.4.0/libexec/gcc/x86_64-unknown-linux-gnu/5.4.0/:/opt/Software/gcc/5.4.0/libexec/gcc/]
  ignore line: [LIBRARY_PATH=/opt/Software/gcc/5.4.0/lib/gcc/x86_64-unknown-linux-gnu/5.4.0/:/opt/Software/gcc/5.4.0/lib/gcc/:/opt/Software/gcc/5.4.0/lib64/../lib64/:/opt/Software/gcc/5.4.0/lib/../lib64/:/home/shelf8/Software/gcc/5.4.0/bin/../lib/gcc/x86_64-unknown-linux-gnu/5.4.0/../../../../lib64/:/lib/../lib64/:/usr/lib/../lib64/:/opt/Software/gcc/5.4.0/lib64/:/opt/Software/gcc/5.4.0/lib/:/home/shelf8/Software/gcc/5.4.0/bin/../lib/gcc/x86_64-unknown-linux-gnu/5.4.0/../../../:/lib/:/usr/lib/]
  ignore line: [COLLECT_GCC_OPTIONS='-v' '-o' 'cmTC_4b2ca' '-rdynamic' '-shared-libgcc' '-mtune=generic' '-march=x86-64']
  link line: [ /opt/Software/gcc/5.4.0/libexec/gcc/x86_64-unknown-linux-gnu/5.4.0/collect2 --eh-frame-hdr -m elf_x86_64 -export-dynamic -dynamic-linker /lib64/ld-linux-x86-64.so.2 -o cmTC_4b2ca /usr/lib/../lib64/crt1.o /usr/lib/../lib64/crti.o /opt/Software/gcc/5.4.0/lib/gcc/x86_64-unknown-linux-gnu/5.4.0/crtbegin.o -L/opt/Software/gcc/5.4.0/lib/gcc/x86_64-unknown-linux-gnu/5.4.0 -L/opt/Software/gcc/5.4.0/lib/gcc -L/opt/Software/gcc/5.4.0/lib64/../lib64 -L/opt/Software/gcc/5.4.0/lib/../lib64 -L/home/shelf8/Software/gcc/5.4.0/bin/../lib/gcc/x86_64-unknown-linux-gnu/5.4.0/../../../../lib64 -L/lib/../lib64 -L/usr/lib/../lib64 -L/opt/Software/gcc/5.4.0/lib64 -L/opt/Software/gcc/5.4.0/lib -L/home/shelf8/Software/gcc/5.4.0/bin/../lib/gcc/x86_64-unknown-linux-gnu/5.4.0/../../.. CMakeFiles/cmTC_4b2ca.dir/CMakeCXXCompilerABI.cpp.o -lstdc++ -lm -lgcc_s -lgcc -lc -lgcc_s -lgcc /opt/Software/gcc/5.4.0/lib/gcc/x86_64-unknown-linux-gnu/5.4.0/crtend.o /usr/lib/../lib64/crtn.o]
    arg [/opt/Software/gcc/5.4.0/libexec/gcc/x86_64-unknown-linux-gnu/5.4.0/collect2] ==> ignore
    arg [--eh-frame-hdr] ==> ignore
    arg [-m] ==> ignore
    arg [elf_x86_64] ==> ignore
    arg [-export-dynamic] ==> ignore
    arg [-dynamic-linker] ==> ignore
    arg [/lib64/ld-linux-x86-64.so.2] ==> ignore
    arg [-o] ==> ignore
    arg [cmTC_4b2ca] ==> ignore
    arg [/usr/lib/../lib64/crt1.o] ==> ignore
    arg [/usr/lib/../lib64/crti.o] ==> ignore
    arg [/opt/Software/gcc/5.4.0/lib/gcc/x86_64-unknown-linux-gnu/5.4.0/crtbegin.o] ==> ignore
    arg [-L/opt/Software/gcc/5.4.0/lib/gcc/x86_64-unknown-linux-gnu/5.4.0] ==> dir [/opt/Software/gcc/5.4.0/lib/gcc/x86_64-unknown-linux-gnu/5.4.0]
    arg [-L/opt/Software/gcc/5.4.0/lib/gcc] ==> dir [/opt/Software/gcc/5.4.0/lib/gcc]
    arg [-L/opt/Software/gcc/5.4.0/lib64/../lib64] ==> dir [/opt/Software/gcc/5.4.0/lib64/../lib64]
    arg [-L/opt/Software/gcc/5.4.0/lib/../lib64] ==> dir [/opt/Software/gcc/5.4.0/lib/../lib64]
    arg [-L/home/shelf8/Software/gcc/5.4.0/bin/../lib/gcc/x86_64-unknown-linux-gnu/5.4.0/../../../../lib64] ==> dir [/home/shelf8/Software/gcc/5.4.0/bin/../lib/gcc/x86_64-unknown-linux-gnu/5.4.0/../../../../lib64]
    arg [-L/lib/../lib64] ==> dir [/lib/../lib64]
    arg [-L/usr/lib/../lib64] ==> dir [/usr/lib/../lib64]
    arg [-L/opt/Software/gcc/5.4.0/lib64] ==> dir [/opt/Software/gcc/5.4.0/lib64]
    arg [-L/opt/Software/gcc/5.4.0/lib] ==> dir [/opt/Software/gcc/5.4.0/lib]
    arg [-L/home/shelf8/Software/gcc/5.4.0/bin/../lib/gcc/x86_64-unknown-linux-gnu/5.4.0/../../..] ==> dir [/home/shelf8/Software/gcc/5.4.0/bin/../lib/gcc/x86_64-unknown-linux-gnu/5.4.0/../../..]
    arg [CMakeFiles/cmTC_4b2ca.dir/CMakeCXXCompilerABI.cpp.o] ==> ignore
    arg [-lstdc++] ==> lib [stdc++]
    arg [-lm] ==> lib [m]
    arg [-lgcc_s] ==> lib [gcc_s]
    arg [-lgcc] ==> lib [gcc]
    arg [-lc] ==> lib [c]
    arg [-lgcc_s] ==> lib [gcc_s]
    arg [-lgcc] ==> lib [gcc]
    arg [/opt/Software/gcc/5.4.0/lib/gcc/x86_64-unknown-linux-gnu/5.4.0/crtend.o] ==> ignore
    arg [/usr/lib/../lib64/crtn.o] ==> ignore
  remove lib [gcc_s]
  remove lib [gcc]
  remove lib [gcc_s]
  remove lib [gcc]
  collapse library dir [/opt/Software/gcc/5.4.0/lib/gcc/x86_64-unknown-linux-gnu/5.4.0] ==> [/opt/Software/gcc/5.4.0/lib/gcc/x86_64-unknown-linux-gnu/5.4.0]
  collapse library dir [/opt/Software/gcc/5.4.0/lib/gcc] ==> [/opt/Software/gcc/5.4.0/lib/gcc]
  collapse library dir [/opt/Software/gcc/5.4.0/lib64/../lib64] ==> [/opt/Software/gcc/5.4.0/lib64]
  collapse library dir [/opt/Software/gcc/5.4.0/lib/../lib64] ==> [/opt/Software/gcc/5.4.0/lib64]
  collapse library dir [/home/shelf8/Software/gcc/5.4.0/bin/../lib/gcc/x86_64-unknown-linux-gnu/5.4.0/../../../../lib64] ==> [/home/shelf8/Software/gcc/5.4.0/lib64]
  collapse library dir [/lib/../lib64] ==> [/lib64]
  collapse library dir [/usr/lib/../lib64] ==> [/usr/lib64]
  collapse library dir [/opt/Software/gcc/5.4.0/lib64] ==> [/opt/Software/gcc/5.4.0/lib64]
  collapse library dir [/opt/Software/gcc/5.4.0/lib] ==> [/opt/Software/gcc/5.4.0/lib]
  collapse library dir [/home/shelf8/Software/gcc/5.4.0/bin/../lib/gcc/x86_64-unknown-linux-gnu/5.4.0/../../..] ==> [/home/shelf8/Software/gcc/5.4.0/lib]
  implicit libs: [stdc++;m;c]
  implicit dirs: [/opt/Software/gcc/5.4.0/lib/gcc/x86_64-unknown-linux-gnu/5.4.0;/opt/Software/gcc/5.4.0/lib/gcc;/opt/Software/gcc/5.4.0/lib64;/home/shelf8/Software/gcc/5.4.0/lib64;/lib64;/usr/lib64;/opt/Software/gcc/5.4.0/lib;/home/shelf8/Software/gcc/5.4.0/lib]
  implicit fwks: []




Detecting CXX [-std=c++14] compiler features compiled with the following output:
Change Dir: /home/shelf7/aandreyev/code_practice/hashtableMix/gnu_build/CMakeFiles/CMakeTmp

Run Build Command:"/usr/bin/gmake" "cmTC_3da2b/fast"
/usr/bin/gmake -f CMakeFiles/cmTC_3da2b.dir/build.make CMakeFiles/cmTC_3da2b.dir/build
gmake[1]: Entering directory `/home/shelf7/aandreyev/code_practice/hashtableMix/gnu_build/CMakeFiles/CMakeTmp'
Building CXX object CMakeFiles/cmTC_3da2b.dir/feature_tests.cxx.o
/opt/Software/gcc/5.4.0/bin/g++    -std=c++14 -o CMakeFiles/cmTC_3da2b.dir/feature_tests.cxx.o -c /home/shelf7/aandreyev/code_practice/hashtableMix/gnu_build/CMakeFiles/feature_tests.cxx
Linking CXX executable cmTC_3da2b
/home/shelf8/Software/cmake/3.3.0/bin/cmake -E cmake_link_script CMakeFiles/cmTC_3da2b.dir/link.txt --verbose=1
/opt/Software/gcc/5.4.0/bin/g++        CMakeFiles/cmTC_3da2b.dir/feature_tests.cxx.o  -o cmTC_3da2b -rdynamic 
gmake[1]: Leaving directory `/home/shelf7/aandreyev/code_practice/hashtableMix/gnu_build/CMakeFiles/CMakeTmp'


    Feature record: CXX_FEATURE:1cxx_aggregate_default_initializers
    Feature record: CXX_FEATURE:1cxx_alias_templates
    Feature record: CXX_FEATURE:1cxx_alignas
    Feature record: CXX_FEATURE:1cxx_alignof
    Feature record: CXX_FEATURE:1cxx_attributes
    Feature record: CXX_FEATURE:1cxx_attribute_deprecated
    Feature record: CXX_FEATURE:1cxx_auto_type
    Feature record: CXX_FEATURE:1cxx_binary_literals
    Feature record: CXX_FEATURE:1cxx_constexpr
    Feature record: CXX_FEATURE:1cxx_contextual_conversions
    Feature record: CXX_FEATURE:1cxx_decltype
    Feature record: CXX_FEATURE:1cxx_decltype_auto
    Feature record: CXX_FEATURE:1cxx_decltype_incomplete_return_types
    Feature record: CXX_FEATURE:1cxx_default_function_template_args
    Feature record: CXX_FEATURE:1cxx_defaulted_functions
    Feature record: CXX_FEATURE:1cxx_defaulted_move_initializers
    Feature record: CXX_FEATURE:1cxx_delegating_constructors
    Feature record: CXX_FEATURE:1cxx_deleted_functions
    Feature record: CXX_FEATURE:1cxx_digit_separators
    Feature record: CXX_FEATURE:1cxx_enum_forward_declarations
    Feature record: CXX_FEATURE:1cxx_explicit_conversions
    Feature record: CXX_FEATURE:1cxx_extended_friend_declarations
    Feature record: CXX_FEATURE:1cxx_extern_templates
    Feature record: CXX_FEATURE:1cxx_final
    Feature record: CXX_FEATURE:1cxx_func_identifier
    Feature record: CXX_FEATURE:1cxx_generalized_initializers
    Feature record: CXX_FEATURE:1cxx_generic_lambdas
    Feature record: CXX_FEATURE:1cxx_inheriting_constructors
    Feature record: CXX_FEATURE:1cxx_inline_namespaces
    Feature record: CXX_FEATURE:1cxx_lambdas
    Feature record: CXX_FEATURE:1cxx_lambda_init_captures
    Feature record: CXX_FEATURE:1cxx_local_type_template_args
    Feature record: CXX_FEATURE:1cxx_long_long_type
    Feature record: CXX_FEATURE:1cxx_noexcept
    Feature record: CXX_FEATURE:1cxx_nonstatic_member_init
    Feature record: CXX_FEATURE:1cxx_nullptr
    Feature record: CXX_FEATURE:1cxx_override
    Feature record: CXX_FEATURE:1cxx_range_for
    Feature record: CXX_FEATURE:1cxx_raw_string_literals
    Feature record: CXX_FEATURE:1cxx_reference_qualified_functions
    Feature record: CXX_FEATURE:1cxx_relaxed_constexpr
    Feature record: CXX_FEATURE:1cxx_return_type_deduction
    Feature record: CXX_FEATURE:1cxx_right_angle_brackets
    Feature record: CXX_FEATURE:1cxx_rvalue_references
    Feature record: CXX_FEATURE:1cxx_sizeof_member
    Feature record: CXX_FEATURE:1cxx_static_assert
    Feature record: CXX_FEATURE:1cxx_strong_enums
    Feature record: CXX_FEATURE:1cxx_template_template_parameters
    Feature record: CXX_FEATURE:1cxx_thread_local
    Feature record: CXX_FEATURE:1cxx_trailing_return_types
    Feature record: CXX_FEATURE:1cxx_unicode_literals
    Feature record: CXX_FEATURE:1cxx_uniform_initialization
    Feature record: CXX_FEATURE:1cxx_unrestricted_unions
    Feature record: CXX_FEATURE:1cxx_user_literals
    Feature record: CXX_FEATURE:1cxx_variable_templates
    Feature record: CXX_FEATURE:1cxx_variadic_macros
    Feature record: CXX_FEATURE:1cxx_variadic_templates


Detecting CXX [-std=c++11] compiler features compiled with the following output:
Change Dir: /home/shelf7/aandreyev/code_practice/hashtableMix/gnu_build/CMakeFiles/CMakeTmp

Run Build Command:"/usr/bin/gmake" "cmTC_ccb3f/fast"
/usr/bin/gmake -f CMakeFiles/cmTC_ccb3f.dir/build.make CMakeFiles/cmTC_ccb3f.dir/build
gmake[1]: Entering directory `/home/shelf7/aandreyev/code_practice/hashtableMix/gnu_build/CMakeFiles/CMakeTmp'
Building CXX object CMakeFiles/cmTC_ccb3f.dir/feature_tests.cxx.o
/opt/Software/gcc/5.4.0/bin/g++    -std=c++11 -o CMakeFiles/cmTC_ccb3f.dir/feature_tests.cxx.o -c /home/shelf7/aandreyev/code_practice/hashtableMix/gnu_build/CMakeFiles/feature_tests.cxx
Linking CXX executable cmTC_ccb3f
/home/shelf8/Software/cmake/3.3.0/bin/cmake -E cmake_link_script CMakeFiles/cmTC_ccb3f.dir/link.txt --verbose=1
/opt/Software/gcc/5.4.0/bin/g++        CMakeFiles/cmTC_ccb3f.dir/feature_tests.cxx.o  -o cmTC_ccb3f -rdynamic 
gmake[1]: Leaving directory `/home/shelf7/aandreyev/code_practice/hashtableMix/gnu_build/CMakeFiles/CMakeTmp'


    Feature record: CXX_FEATURE:0cxx_aggregate_default_initializers
    Feature record: CXX_FEATURE:1cxx_alias_templates
    Feature record: CXX_FEATURE:1cxx_alignas
    Feature record: CXX_FEATURE:1cxx_alignof
    Feature record: CXX_FEATURE:1cxx_attributes
    Feature record: CXX_FEATURE:0cxx_attribute_deprecated
    Feature record: CXX_FEATURE:1cxx_auto_type
    Feature record: CXX_FEATURE:0cxx_binary_literals
    Feature record: CXX_FEATURE:1cxx_constexpr
    Feature record: CXX_FEATURE:0cxx_contextual_conversions
    Feature record: CXX_FEATURE:1cxx_decltype
    Feature record: CXX_FEATURE:0cxx_decltype_auto
    Feature record: CXX_FEATURE:1cxx_decltype_incomplete_return_types
    Feature record: CXX_FEATURE:1cxx_default_function_template_args
    Feature record: CXX_FEATURE:1cxx_defaulted_functions
    Feature record: CXX_FEATURE:1cxx_defaulted_move_initializers
    Feature record: CXX_FEATURE:1cxx_delegating_constructors
    Feature record: CXX_FEATURE:1cxx_deleted_functions
    Feature record: CXX_FEATURE:0cxx_digit_separators
    Feature record: CXX_FEATURE:1cxx_enum_forward_declarations
    Feature record: CXX_FEATURE:1cxx_explicit_conversions
    Feature record: CXX_FEATURE:1cxx_extended_friend_declarations
    Feature record: CXX_FEATURE:1cxx_extern_templates
    Feature record: CXX_FEATURE:1cxx_final
    Feature record: CXX_FEATURE:1cxx_func_identifier
    Feature record: CXX_FEATURE:1cxx_generalized_initializers
    Feature record: CXX_FEATURE:0cxx_generic_lambdas
    Feature record: CXX_FEATURE:1cxx_inheriting_constructors
    Feature record: CXX_FEATURE:1cxx_inline_namespaces
    Feature record: CXX_FEATURE:1cxx_lambdas
    Feature record: CXX_FEATURE:0cxx_lambda_init_captures
    Feature record: CXX_FEATURE:1cxx_local_type_template_args
    Feature record: CXX_FEATURE:1cxx_long_long_type
    Feature record: CXX_FEATURE:1cxx_noexcept
    Feature record: CXX_FEATURE:1cxx_nonstatic_member_init
    Feature record: CXX_FEATURE:1cxx_nullptr
    Feature record: CXX_FEATURE:1cxx_override
    Feature record: CXX_FEATURE:1cxx_range_for
    Feature record: CXX_FEATURE:1cxx_raw_string_literals
    Feature record: CXX_FEATURE:1cxx_reference_qualified_functions
    Feature record: CXX_FEATURE:0cxx_relaxed_constexpr
    Feature record: CXX_FEATURE:0cxx_return_type_deduction
    Feature record: CXX_FEATURE:1cxx_right_angle_brackets
    Feature record: CXX_FEATURE:1cxx_rvalue_references
    Feature record: CXX_FEATURE:1cxx_sizeof_member
    Feature record: CXX_FEATURE:1cxx_static_assert
    Feature record: CXX_FEATURE:1cxx_strong_enums
    Feature record: CXX_FEATURE:1cxx_template_template_parameters
    Feature record: CXX_FEATURE:1cxx_thread_local
    Feature record: CXX_FEATURE:1cxx_trailing_return_types
    Feature record: CXX_FEATURE:1cxx_unicode_literals
    Feature record: CXX_FEATURE:1cxx_uniform_initialization
    Feature record: CXX_FEATURE:1cxx_unrestricted_unions
    Feature record: CXX_FEATURE:1cxx_user_literals
    Feature record: CXX_FEATURE:0cxx_variable_templates
    Feature record: CXX_FEATURE:1cxx_variadic_macros
    Feature record: CXX_FEATURE:1cxx_variadic_templates


Detecting CXX [-std=c++98] compiler features compiled with the following output:
Change Dir: /home/shelf7/aandreyev/code_practice/hashtableMix/gnu_build/CMakeFiles/CMakeTmp

Run Build Command:"/usr/bin/gmake" "cmTC_73e45/fast"
/usr/bin/gmake -f CMakeFiles/cmTC_73e45.dir/build.make CMakeFiles/cmTC_73e45.dir/build
gmake[1]: Entering directory `/home/shelf7/aandreyev/code_practice/hashtableMix/gnu_build/CMakeFiles/CMakeTmp'
Building CXX object CMakeFiles/cmTC_73e45.dir/feature_tests.cxx.o
/opt/Software/gcc/5.4.0/bin/g++    -std=c++98 -o CMakeFiles/cmTC_73e45.dir/feature_tests.cxx.o -c /home/shelf7/aandreyev/code_practice/hashtableMix/gnu_build/CMakeFiles/feature_tests.cxx
Linking CXX executable cmTC_73e45
/home/shelf8/Software/cmake/3.3.0/bin/cmake -E cmake_link_script CMakeFiles/cmTC_73e45.dir/link.txt --verbose=1
/opt/Software/gcc/5.4.0/bin/g++        CMakeFiles/cmTC_73e45.dir/feature_tests.cxx.o  -o cmTC_73e45 -rdynamic 
gmake[1]: Leaving directory `/home/shelf7/aandreyev/code_practice/hashtableMix/gnu_build/CMakeFiles/CMakeTmp'


    Feature record: CXX_FEATURE:0cxx_aggregate_default_initializers
    Feature record: CXX_FEATURE:0cxx_alias_templates
    Feature record: CXX_FEATURE:0cxx_alignas
    Feature record: CXX_FEATURE:0cxx_alignof
    Feature record: CXX_FEATURE:0cxx_attributes
    Feature record: CXX_FEATURE:0cxx_attribute_deprecated
    Feature record: CXX_FEATURE:0cxx_auto_type
    Feature record: CXX_FEATURE:0cxx_binary_literals
    Feature record: CXX_FEATURE:0cxx_constexpr
    Feature record: CXX_FEATURE:0cxx_contextual_conversions
    Feature record: CXX_FEATURE:0cxx_decltype
    Feature record: CXX_FEATURE:0cxx_decltype_auto
    Feature record: CXX_FEATURE:0cxx_decltype_incomplete_return_types
    Feature record: CXX_FEATURE:0cxx_default_function_template_args
    Feature record: CXX_FEATURE:0cxx_defaulted_functions
    Feature record: CXX_FEATURE:0cxx_defaulted_move_initializers
    Feature record: CXX_FEATURE:0cxx_delegating_constructors
    Feature record: CXX_FEATURE:0cxx_deleted_functions
    Feature record: CXX_FEATURE:0cxx_digit_separators
    Feature record: CXX_FEATURE:0cxx_enum_forward_declarations
    Feature record: CXX_FEATURE:0cxx_explicit_conversions
    Feature record: CXX_FEATURE:0cxx_extended_friend_declarations
    Feature record: CXX_FEATURE:0cxx_extern_templates
    Feature record: CXX_FEATURE:0cxx_final
    Feature record: CXX_FEATURE:0cxx_func_identifier
    Feature record: CXX_FEATURE:0cxx_generalized_initializers
    Feature record: CXX_FEATURE:0cxx_generic_lambdas
    Feature record: CXX_FEATURE:0cxx_inheriting_constructors
    Feature record: CXX_FEATURE:0cxx_inline_namespaces
    Feature record: CXX_FEATURE:0cxx_lambdas
    Feature record: CXX_FEATURE:0cxx_lambda_init_captures
    Feature record: CXX_FEATURE:0cxx_local_type_template_args
    Feature record: CXX_FEATURE:0cxx_long_long_type
    Feature record: CXX_FEATURE:0cxx_noexcept
    Feature record: CXX_FEATURE:0cxx_nonstatic_member_init
    Feature record: CXX_FEATURE:0cxx_nullptr
    Feature record: CXX_FEATURE:0cxx_override
    Feature record: CXX_FEATURE:0cxx_range_for
    Feature record: CXX_FEATURE:0cxx_raw_string_literals
    Feature record: CXX_FEATURE:0cxx_reference_qualified_functions
    Feature record: CXX_FEATURE:0cxx_relaxed_constexpr
    Feature record: CXX_FEATURE:0cxx_return_type_deduction
    Feature record: CXX_FEATURE:0cxx_right_angle_brackets
    Feature record: CXX_FEATURE:0cxx_rvalue_references
    Feature record: CXX_FEATURE:0cxx_sizeof_member
    Feature record: CXX_FEATURE:0cxx_static_assert
    Feature record: CXX_FEATURE:0cxx_strong_enums
    Feature record: CXX_FEATURE:1cxx_template_template_parameters
    Feature record: CXX_FEATURE:0cxx_thread_local
    Feature record: CXX_FEATURE:0cxx_trailing_return_types
    Feature record: CXX_FEATURE:0cxx_unicode_literals
    Feature record: CXX_FEATURE:0cxx_uniform_initialization
    Feature record: CXX_FEATURE:0cxx_unrestricted_unions
    Feature record: CXX_FEATURE:0cxx_user_literals
    Feature record: CXX_FEATURE:0cxx_variable_templates
    Feature record: CXX_FEATURE:0cxx_variadic_macros
    Feature record: CXX_FEATURE:0cxx_variadic_templates
Compiling the Fortran compiler identification source file "CMakeFortranCompilerId.F" succeeded.
Compiler: /opt/Software/gcc/5.4.0/bin/gfortran 
Build flags: 
Id flags: 

The output was:
0


Compilation of the Fortran compiler identification source "CMakeFortranCompilerId.F" produced "a.out"

The Fortran compiler identification is GNU, found in "/home/shelf7/aandreyev/code_practice/hashtableMix/gnu_build/CMakeFiles/3.3.0/CompilerIdFortran/a.out"

Determining if the Fortran compiler works passed with the following output:
Change Dir: /home/shelf7/aandreyev/code_practice/hashtableMix/gnu_build/CMakeFiles/CMakeTmp

Run Build Command:"/usr/bin/gmake" "cmTC_9f382/fast"
/usr/bin/gmake -f CMakeFiles/cmTC_9f382.dir/build.make CMakeFiles/cmTC_9f382.dir/build
gmake[1]: Entering directory `/home/shelf7/aandreyev/code_practice/hashtableMix/gnu_build/CMakeFiles/CMakeTmp'
Building Fortran object CMakeFiles/cmTC_9f382.dir/testFortranCompiler.f.o
/opt/Software/gcc/5.4.0/bin/gfortran    -c /home/shelf7/aandreyev/code_practice/hashtableMix/gnu_build/CMakeFiles/CMakeTmp/testFortranCompiler.f -o CMakeFiles/cmTC_9f382.dir/testFortranCompiler.f.o
Linking Fortran executable cmTC_9f382
/home/shelf8/Software/cmake/3.3.0/bin/cmake -E cmake_link_script CMakeFiles/cmTC_9f382.dir/link.txt --verbose=1
/opt/Software/gcc/5.4.0/bin/gfortran       CMakeFiles/cmTC_9f382.dir/testFortranCompiler.f.o  -o cmTC_9f382 -rdynamic 
gmake[1]: Leaving directory `/home/shelf7/aandreyev/code_practice/hashtableMix/gnu_build/CMakeFiles/CMakeTmp'


Detecting Fortran compiler ABI info compiled with the following output:
Change Dir: /home/shelf7/aandreyev/code_practice/hashtableMix/gnu_build/CMakeFiles/CMakeTmp

Run Build Command:"/usr/bin/gmake" "cmTC_70054/fast"
/usr/bin/gmake -f CMakeFiles/cmTC_70054.dir/build.make CMakeFiles/cmTC_70054.dir/build
gmake[1]: Entering directory `/home/shelf7/aandreyev/code_practice/hashtableMix/gnu_build/CMakeFiles/CMakeTmp'
Building Fortran object CMakeFiles/cmTC_70054.dir/CMakeFortranCompilerABI.F.o
/opt/Software/gcc/5.4.0/bin/gfortran    -c /home/shelf8/Software/cmake/3.3.0/share/cmake-3.3/Modules/CMakeFortranCompilerABI.F -o CMakeFiles/cmTC_70054.dir/CMakeFortranCompilerABI.F.o
Linking Fortran executable cmTC_70054
/home/shelf8/Software/cmake/3.3.0/bin/cmake -E cmake_link_script CMakeFiles/cmTC_70054.dir/link.txt --verbose=1
/opt/Software/gcc/5.4.0/bin/gfortran    -v   CMakeFiles/cmTC_70054.dir/CMakeFortranCompilerABI.F.o  -o cmTC_70054 -rdynamic  
Driving: /opt/Software/gcc/5.4.0/bin/gfortran -v CMakeFiles/cmTC_70054.dir/CMakeFortranCompilerABI.F.o -o cmTC_70054 -rdynamic -l gfortran -l m -shared-libgcc
Using built-in specs.
COLLECT_GCC=/opt/Software/gcc/5.4.0/bin/gfortran
COLLECT_LTO_WRAPPER=/opt/Software/gcc/5.4.0/libexec/gcc/x86_64-unknown-linux-gnu/5.4.0/lto-wrapper
Target: x86_64-unknown-linux-gnu
Configured with: ./configure --prefix=/opt/Software/gcc/5.4.0 --with-mpfr=/opt/Software/gcc/5.4.0 --with-mpc=/opt/Software/gcc/5.4.0 --with-gmp=/opt/Software/gcc/5.4.0
Thread model: posix
gcc version 5.4.0 (GCC) 
Reading specs from /opt/Software/gcc/5.4.0/lib64/../lib64/libgfortran.spec
rename spec lib to liborig
COLLECT_GCC_OPTIONS='-v' '-o' 'cmTC_70054' '-rdynamic' '-shared-libgcc' '-mtune=generic' '-march=x86-64'
COMPILER_PATH=/opt/Software/gcc/5.4.0/libexec/gcc/x86_64-unknown-linux-gnu/5.4.0/:/opt/Software/gcc/5.4.0/libexec/gcc/
LIBRARY_PATH=/opt/Software/gcc/5.4.0/lib/gcc/x86_64-unknown-linux-gnu/5.4.0/:/opt/Software/gcc/5.4.0/lib/gcc/:/opt/Software/gcc/5.4.0/lib64/../lib64/:/opt/Software/gcc/5.4.0/lib/../lib64/:/home/shelf8/Software/gcc/5.4.0/bin/../lib/gcc/x86_64-unknown-linux-gnu/5.4.0/../../../../lib64/:/lib/../lib64/:/usr/lib/../lib64/:/opt/Software/gcc/5.4.0/lib64/:/opt/Software/gcc/5.4.0/lib/:/home/shelf8/Software/gcc/5.4.0/bin/../lib/gcc/x86_64-unknown-linux-gnu/5.4.0/../../../:/lib/:/usr/lib/
COLLECT_GCC_OPTIONS='-v' '-o' 'cmTC_70054' '-rdynamic' '-shared-libgcc' '-mtune=generic' '-march=x86-64'
 /opt/Software/gcc/5.4.0/libexec/gcc/x86_64-unknown-linux-gnu/5.4.0/collect2 --eh-frame-hdr -m elf_x86_64 -export-dynamic -dynamic-linker /lib64/ld-linux-x86-64.so.2 -o cmTC_70054 /usr/lib/../lib64/crt1.o /usr/lib/../lib64/crti.o /opt/Software/gcc/5.4.0/lib/gcc/x86_64-unknown-linux-gnu/5.4.0/crtbegin.o -L/opt/Software/gcc/5.4.0/lib/gcc/x86_64-unknown-linux-gnu/5.4.0 -L/opt/Software/gcc/5.4.0/lib/gcc -L/opt/Software/gcc/5.4.0/lib64/../lib64 -L/opt/Software/gcc/5.4.0/lib/../lib64 -L/home/shelf8/Software/gcc/5.4.0/bin/../lib/gcc/x86_64-unknown-linux-gnu/5.4.0/../../../../lib64 -L/lib/../lib64 -L/usr/lib/../lib64 -L/opt/Software/gcc/5.4.0/lib64 -L/opt/Software/gcc/5.4.0/lib -L/home/shelf8/Software/gcc/5.4.0/bin/../lib/gcc/x86_64-unknown-linux-gnu/5.4.0/../../.. CMakeFiles/cmTC_70054.dir/CMakeFortranCompilerABI.F.o -lgfortran -lm -lgcc_s -lgcc -lquadmath -lm -lgcc_s -lgcc -lc -lgcc_s -lgcc /opt/Software/gcc/5.4.0/lib/gcc/x86_64-unknown-linux-gnu/5.4.0/crtend.o /usr/lib/../lib64/crtn.o
gmake[1]: Leaving directory `/home/shelf7/aandreyev/code_practice/hashtableMix/gnu_build/CMakeFiles/CMakeTmp'


Parsed Fortran implicit link information from above output:
  link line regex: [^( *|.*[/\])(ld|([^/\]+-)?ld|collect2)[^/\]*( |$)]
  ignore line: [Change Dir: /home/shelf7/aandreyev/code_practice/hashtableMix/gnu_build/CMakeFiles/CMakeTmp]
  ignore line: []
  ignore line: [Run Build Command:"/usr/bin/gmake" "cmTC_70054/fast"]
  ignore line: [/usr/bin/gmake -f CMakeFiles/cmTC_70054.dir/build.make CMakeFiles/cmTC_70054.dir/build]
  ignore line: [gmake[1]: Entering directory `/home/shelf7/aandreyev/code_practice/hashtableMix/gnu_build/CMakeFiles/CMakeTmp']
  ignore line: [Building Fortran object CMakeFiles/cmTC_70054.dir/CMakeFortranCompilerABI.F.o]
  ignore line: [/opt/Software/gcc/5.4.0/bin/gfortran    -c /home/shelf8/Software/cmake/3.3.0/share/cmake-3.3/Modules/CMakeFortranCompilerABI.F -o CMakeFiles/cmTC_70054.dir/CMakeFortranCompilerABI.F.o]
  ignore line: [Linking Fortran executable cmTC_70054]
  ignore line: [/home/shelf8/Software/cmake/3.3.0/bin/cmake -E cmake_link_script CMakeFiles/cmTC_70054.dir/link.txt --verbose=1]
  ignore line: [/opt/Software/gcc/5.4.0/bin/gfortran    -v   CMakeFiles/cmTC_70054.dir/CMakeFortranCompilerABI.F.o  -o cmTC_70054 -rdynamic  ]
  ignore line: [Driving: /opt/Software/gcc/5.4.0/bin/gfortran -v CMakeFiles/cmTC_70054.dir/CMakeFortranCompilerABI.F.o -o cmTC_70054 -rdynamic -l gfortran -l m -shared-libgcc]
  ignore line: [Using built-in specs.]
  ignore line: [COLLECT_GCC=/opt/Software/gcc/5.4.0/bin/gfortran]
  ignore line: [COLLECT_LTO_WRAPPER=/opt/Software/gcc/5.4.0/libexec/gcc/x86_64-unknown-linux-gnu/5.4.0/lto-wrapper]
  ignore line: [Target: x86_64-unknown-linux-gnu]
  ignore line: [Configured with: ./configure --prefix=/opt/Software/gcc/5.4.0 --with-mpfr=/opt/Software/gcc/5.4.0 --with-mpc=/opt/Software/gcc/5.4.0 --with-gmp=/opt/Software/gcc/5.4.0]
  ignore line: [Thread model: posix]
  ignore line: [gcc version 5.4.0 (GCC) ]
  ignore line: [Reading specs from /opt/Software/gcc/5.4.0/lib64/../lib64/libgfortran.spec]
  ignore line: [rename spec lib to liborig]
  ignore line: [COLLECT_GCC_OPTIONS='-v' '-o' 'cmTC_70054' '-rdynamic' '-shared-libgcc' '-mtune=generic' '-march=x86-64']
  ignore line: [COMPILER_PATH=/opt/Software/gcc/5.4.0/libexec/gcc/x86_64-unknown-linux-gnu/5.4.0/:/opt/Software/gcc/5.4.0/libexec/gcc/]
  ignore line: [LIBRARY_PATH=/opt/Software/gcc/5.4.0/lib/gcc/x86_64-unknown-linux-gnu/5.4.0/:/opt/Software/gcc/5.4.0/lib/gcc/:/opt/Software/gcc/5.4.0/lib64/../lib64/:/opt/Software/gcc/5.4.0/lib/../lib64/:/home/shelf8/Software/gcc/5.4.0/bin/../lib/gcc/x86_64-unknown-linux-gnu/5.4.0/../../../../lib64/:/lib/../lib64/:/usr/lib/../lib64/:/opt/Software/gcc/5.4.0/lib64/:/opt/Software/gcc/5.4.0/lib/:/home/shelf8/Software/gcc/5.4.0/bin/../lib/gcc/x86_64-unknown-linux-gnu/5.4.0/../../../:/lib/:/usr/lib/]
  ignore line: [COLLECT_GCC_OPTIONS='-v' '-o' 'cmTC_70054' '-rdynamic' '-shared-libgcc' '-mtune=generic' '-march=x86-64']
  link line: [ /opt/Software/gcc/5.4.0/libexec/gcc/x86_64-unknown-linux-gnu/5.4.0/collect2 --eh-frame-hdr -m elf_x86_64 -export-dynamic -dynamic-linker /lib64/ld-linux-x86-64.so.2 -o cmTC_70054 /usr/lib/../lib64/crt1.o /usr/lib/../lib64/crti.o /opt/Software/gcc/5.4.0/lib/gcc/x86_64-unknown-linux-gnu/5.4.0/crtbegin.o -L/opt/Software/gcc/5.4.0/lib/gcc/x86_64-unknown-linux-gnu/5.4.0 -L/opt/Software/gcc/5.4.0/lib/gcc -L/opt/Software/gcc/5.4.0/lib64/../lib64 -L/opt/Software/gcc/5.4.0/lib/../lib64 -L/home/shelf8/Software/gcc/5.4.0/bin/../lib/gcc/x86_64-unknown-linux-gnu/5.4.0/../../../../lib64 -L/lib/../lib64 -L/usr/lib/../lib64 -L/opt/Software/gcc/5.4.0/lib64 -L/opt/Software/gcc/5.4.0/lib -L/home/shelf8/Software/gcc/5.4.0/bin/../lib/gcc/x86_64-unknown-linux-gnu/5.4.0/../../.. CMakeFiles/cmTC_70054.dir/CMakeFortranCompilerABI.F.o -lgfortran -lm -lgcc_s -lgcc -lquadmath -lm -lgcc_s -lgcc -lc -lgcc_s -lgcc /opt/Software/gcc/5.4.0/lib/gcc/x86_64-unknown-linux-gnu/5.4.0/crtend.o /usr/lib/../lib64/crtn.o]
    arg [/opt/Software/gcc/5.4.0/libexec/gcc/x86_64-unknown-linux-gnu/5.4.0/collect2] ==> ignore
    arg [--eh-frame-hdr] ==> ignore
    arg [-m] ==> ignore
    arg [elf_x86_64] ==> ignore
    arg [-export-dynamic] ==> ignore
    arg [-dynamic-linker] ==> ignore
    arg [/lib64/ld-linux-x86-64.so.2] ==> ignore
    arg [-o] ==> ignore
    arg [cmTC_70054] ==> ignore
    arg [/usr/lib/../lib64/crt1.o] ==> ignore
    arg [/usr/lib/../lib64/crti.o] ==> ignore
    arg [/opt/Software/gcc/5.4.0/lib/gcc/x86_64-unknown-linux-gnu/5.4.0/crtbegin.o] ==> ignore
    arg [-L/opt/Software/gcc/5.4.0/lib/gcc/x86_64-unknown-linux-gnu/5.4.0] ==> dir [/opt/Software/gcc/5.4.0/lib/gcc/x86_64-unknown-linux-gnu/5.4.0]
    arg [-L/opt/Software/gcc/5.4.0/lib/gcc] ==> dir [/opt/Software/gcc/5.4.0/lib/gcc]
    arg [-L/opt/Software/gcc/5.4.0/lib64/../lib64] ==> dir [/opt/Software/gcc/5.4.0/lib64/../lib64]
    arg [-L/opt/Software/gcc/5.4.0/lib/../lib64] ==> dir [/opt/Software/gcc/5.4.0/lib/../lib64]
    arg [-L/home/shelf8/Software/gcc/5.4.0/bin/../lib/gcc/x86_64-unknown-linux-gnu/5.4.0/../../../../lib64] ==> dir [/home/shelf8/Software/gcc/5.4.0/bin/../lib/gcc/x86_64-unknown-linux-gnu/5.4.0/../../../../lib64]
    arg [-L/lib/../lib64] ==> dir [/lib/../lib64]
    arg [-L/usr/lib/../lib64] ==> dir [/usr/lib/../lib64]
    arg [-L/opt/Software/gcc/5.4.0/lib64] ==> dir [/opt/Software/gcc/5.4.0/lib64]
    arg [-L/opt/Software/gcc/5.4.0/lib] ==> dir [/opt/Software/gcc/5.4.0/lib]
    arg [-L/home/shelf8/Software/gcc/5.4.0/bin/../lib/gcc/x86_64-unknown-linux-gnu/5.4.0/../../..] ==> dir [/home/shelf8/Software/gcc/5.4.0/bin/../lib/gcc/x86_64-unknown-linux-gnu/5.4.0/../../..]
    arg [CMakeFiles/cmTC_70054.dir/CMakeFortranCompilerABI.F.o] ==> ignore
    arg [-lgfortran] ==> lib [gfortran]
    arg [-lm] ==> lib [m]
    arg [-lgcc_s] ==> lib [gcc_s]
    arg [-lgcc] ==> lib [gcc]
    arg [-lquadmath] ==> lib [quadmath]
    arg [-lm] ==> lib [m]
    arg [-lgcc_s] ==> lib [gcc_s]
    arg [-lgcc] ==> lib [gcc]
    arg [-lc] ==> lib [c]
    arg [-lgcc_s] ==> lib [gcc_s]
    arg [-lgcc] ==> lib [gcc]
    arg [/opt/Software/gcc/5.4.0/lib/gcc/x86_64-unknown-linux-gnu/5.4.0/crtend.o] ==> ignore
    arg [/usr/lib/../lib64/crtn.o] ==> ignore
  remove lib [gcc_s]
  remove lib [gcc]
  remove lib [gcc_s]
  remove lib [gcc]
  remove lib [gcc_s]
  remove lib [gcc]
  collapse library dir [/opt/Software/gcc/5.4.0/lib/gcc/x86_64-unknown-linux-gnu/5.4.0] ==> [/opt/Software/gcc/5.4.0/lib/gcc/x86_64-unknown-linux-gnu/5.4.0]
  collapse library dir [/opt/Software/gcc/5.4.0/lib/gcc] ==> [/opt/Software/gcc/5.4.0/lib/gcc]
  collapse library dir [/opt/Software/gcc/5.4.0/lib64/../lib64] ==> [/opt/Software/gcc/5.4.0/lib64]
  collapse library dir [/opt/Software/gcc/5.4.0/lib/../lib64] ==> [/opt/Software/gcc/5.4.0/lib64]
  collapse library dir [/home/shelf8/Software/gcc/5.4.0/bin/../lib/gcc/x86_64-unknown-linux-gnu/5.4.0/../../../../lib64] ==> [/home/shelf8/Software/gcc/5.4.0/lib64]
  collapse library dir [/lib/../lib64] ==> [/lib64]
  collapse library dir [/usr/lib/../lib64] ==> [/usr/lib64]
  collapse library dir [/opt/Software/gcc/5.4.0/lib64] ==> [/opt/Software/gcc/5.4.0/lib64]
  collapse library dir [/opt/Software/gcc/5.4.0/lib] ==> [/opt/Software/gcc/5.4.0/lib]
  collapse library dir [/home/shelf8/Software/gcc/5.4.0/bin/../lib/gcc/x86_64-unknown-linux-gnu/5.4.0/../../..] ==> [/home/shelf8/Software/gcc/5.4.0/lib]
  implicit libs: [gfortran;m;quadmath;m;c]
  implicit dirs: [/opt/Software/gcc/5.4.0/lib/gcc/x86_64-unknown-linux-gnu/5.4.0;/opt/Software/gcc/5.4.0/lib/gcc;/opt/Software/gcc/5.4.0/lib64;/home/shelf8/Software/gcc/5.4.0/lib64;/lib64;/usr/lib64;/opt/Software/gcc/5.4.0/lib;/home/shelf8/Software/gcc/5.4.0/lib]
  implicit fwks: []


Determining if the Fortran compiler supports Fortran 90 passed with the following output:
Change Dir: /home/shelf7/aandreyev/code_practice/hashtableMix/gnu_build/CMakeFiles/CMakeTmp

Run Build Command:"/usr/bin/gmake" "cmTC_ea4a2/fast"
/usr/bin/gmake -f CMakeFiles/cmTC_ea4a2.dir/build.make CMakeFiles/cmTC_ea4a2.dir/build
gmake[1]: Entering directory `/home/shelf7/aandreyev/code_practice/hashtableMix/gnu_build/CMakeFiles/CMakeTmp'
Building Fortran object CMakeFiles/cmTC_ea4a2.dir/testFortranCompilerF90.f90.o
/opt/Software/gcc/5.4.0/bin/gfortran    -c /home/shelf7/aandreyev/code_practice/hashtableMix/gnu_build/CMakeFiles/CMakeTmp/testFortranCompilerF90.f90 -o CMakeFiles/cmTC_ea4a2.dir/testFortranCompilerF90.f90.o
Linking Fortran executable cmTC_ea4a2
/home/shelf8/Software/cmake/3.3.0/bin/cmake -E cmake_link_script CMakeFiles/cmTC_ea4a2.dir/link.txt --verbose=1
/opt/Software/gcc/5.4.0/bin/gfortran       CMakeFiles/cmTC_ea4a2.dir/testFortranCompilerF90.f90.o  -o cmTC_ea4a2 -rdynamic 
gmake[1]: Leaving directory `/home/shelf7/aandreyev/code_practice/hashtableMix/gnu_build/CMakeFiles/CMakeTmp'


